==6255== Memcheck, a memory error detector
==6255== Copyright (C) 2002-2017, and GNU GPL'd, by Julian Seward et al.
==6255== Using Valgrind-3.15.0 and LibVEX; rerun with -h for copyright info
==6255== Command: ../bin/test
==6255== Parent PID: 6254
==6255== 
==6255== 
==6255== HEAP SUMMARY:
==6255==     in use at exit: 4,182 bytes in 164 blocks
==6255==   total heap usage: 1,708 allocs, 1,544 frees, 175,626 bytes allocated
==6255== 
==6255== 51 (48 direct, 3 indirect) bytes in 1 blocks are definitely lost in loss record 41 of 84
==6255==    at 0x483DD99: calloc (in /usr/lib/x86_64-linux-gnu/valgrind/vgpreload_memcheck-amd64-linux.so)
==6255==    by 0x4861656: ??? (in /usr/lib/x86_64-linux-gnu/libhiredis.so.0.14)
==6255==    by 0x4868D88: redisReaderGetReply (in /usr/lib/x86_64-linux-gnu/libhiredis.so.0.14)
==6255==    by 0x48635B7: redisGetReplyFromReader (in /usr/lib/x86_64-linux-gnu/libhiredis.so.0.14)
==6255==    by 0x48636AA: redisGetReply (in /usr/lib/x86_64-linux-gnu/libhiredis.so.0.14)
==6255==    by 0x486398D: redisvCommand (in /usr/lib/x86_64-linux-gnu/libhiredis.so.0.14)
==6255==    by 0x4863A57: redisCommand (in /usr/lib/x86_64-linux-gnu/libhiredis.so.0.14)
==6255==    by 0x1519AB: somredis::~somredis() (SomRedis.cpp:46)
==6255==    by 0x117FE4: Tests_doing_nothing_should_not_casue_anything_Test::TestBody() (Test.cpp:33)
==6255==    by 0x150A40: HandleSehExceptionsInMethodIfSupported<testing::Test, void> (gtest.cc:2433)
==6255==    by 0x150A40: void testing::internal::HandleExceptionsInMethodIfSupported<testing::Test, void>(testing::Test*, void (testing::Test::*)(), char const*) (gtest.cc:2469)
==6255==    by 0x143D95: Run (gtest.cc:2508)
==6255==    by 0x143D95: testing::Test::Run() (gtest.cc:2498)
==6255==    by 0x143EF4: Run (gtest.cc:2684)
==6255==    by 0x143EF4: testing::TestInfo::Run() (gtest.cc:2657)
==6255== 
==6255== 51 (48 direct, 3 indirect) bytes in 1 blocks are definitely lost in loss record 42 of 84
==6255==    at 0x483DD99: calloc (in /usr/lib/x86_64-linux-gnu/valgrind/vgpreload_memcheck-amd64-linux.so)
==6255==    by 0x4861656: ??? (in /usr/lib/x86_64-linux-gnu/libhiredis.so.0.14)
==6255==    by 0x4868D88: redisReaderGetReply (in /usr/lib/x86_64-linux-gnu/libhiredis.so.0.14)
==6255==    by 0x48635B7: redisGetReplyFromReader (in /usr/lib/x86_64-linux-gnu/libhiredis.so.0.14)
==6255==    by 0x48636AA: redisGetReply (in /usr/lib/x86_64-linux-gnu/libhiredis.so.0.14)
==6255==    by 0x486398D: redisvCommand (in /usr/lib/x86_64-linux-gnu/libhiredis.so.0.14)
==6255==    by 0x4863A57: redisCommand (in /usr/lib/x86_64-linux-gnu/libhiredis.so.0.14)
==6255==    by 0x1519AB: somredis::~somredis() (SomRedis.cpp:46)
==6255==    by 0x11DAF9: Tests::~Tests() (Test.cpp:10)
==6255==    by 0x120B35: Tests_doing_nothing_should_not_casue_anything_Test::~Tests_doing_nothing_should_not_casue_anything_Test() (Test.cpp:31)
==6255==    by 0x120B55: Tests_doing_nothing_should_not_casue_anything_Test::~Tests_doing_nothing_should_not_casue_anything_Test() (Test.cpp:31)
==6255==    by 0x150A40: HandleSehExceptionsInMethodIfSupported<testing::Test, void> (gtest.cc:2433)
==6255==    by 0x150A40: void testing::internal::HandleExceptionsInMethodIfSupported<testing::Test, void>(testing::Test*, void (testing::Test::*)(), char const*) (gtest.cc:2469)
==6255== 
==6255== 51 (48 direct, 3 indirect) bytes in 1 blocks are definitely lost in loss record 43 of 84
==6255==    at 0x483DD99: calloc (in /usr/lib/x86_64-linux-gnu/valgrind/vgpreload_memcheck-amd64-linux.so)
==6255==    by 0x4861656: ??? (in /usr/lib/x86_64-linux-gnu/libhiredis.so.0.14)
==6255==    by 0x4868D88: redisReaderGetReply (in /usr/lib/x86_64-linux-gnu/libhiredis.so.0.14)
==6255==    by 0x48635B7: redisGetReplyFromReader (in /usr/lib/x86_64-linux-gnu/libhiredis.so.0.14)
==6255==    by 0x48636AA: redisGetReply (in /usr/lib/x86_64-linux-gnu/libhiredis.so.0.14)
==6255==    by 0x486398D: redisvCommand (in /usr/lib/x86_64-linux-gnu/libhiredis.so.0.14)
==6255==    by 0x4863A57: redisCommand (in /usr/lib/x86_64-linux-gnu/libhiredis.so.0.14)
==6255==    by 0x151B5D: somredis::insert(std::__cxx11::basic_string<char, std::char_traits<char>, std::allocator<char> > const&, std::__cxx11::basic_string<char, std::char_traits<char>, std::allocator<char> > const&) (SomRedis.cpp:61)
==6255==    by 0x118136: Tests_2_connecting_in_redis_and_set_get_Test::TestBody() (Test.cpp:40)
==6255==    by 0x150A40: HandleSehExceptionsInMethodIfSupported<testing::Test, void> (gtest.cc:2433)
==6255==    by 0x150A40: void testing::internal::HandleExceptionsInMethodIfSupported<testing::Test, void>(testing::Test*, void (testing::Test::*)(), char const*) (gtest.cc:2469)
==6255==    by 0x143D95: Run (gtest.cc:2508)
==6255==    by 0x143D95: testing::Test::Run() (gtest.cc:2498)
==6255==    by 0x143EF4: Run (gtest.cc:2684)
==6255==    by 0x143EF4: testing::TestInfo::Run() (gtest.cc:2657)
==6255== 
==6255== 51 (48 direct, 3 indirect) bytes in 1 blocks are definitely lost in loss record 44 of 84
==6255==    at 0x483DD99: calloc (in /usr/lib/x86_64-linux-gnu/valgrind/vgpreload_memcheck-amd64-linux.so)
==6255==    by 0x4861656: ??? (in /usr/lib/x86_64-linux-gnu/libhiredis.so.0.14)
==6255==    by 0x4868D88: redisReaderGetReply (in /usr/lib/x86_64-linux-gnu/libhiredis.so.0.14)
==6255==    by 0x48635B7: redisGetReplyFromReader (in /usr/lib/x86_64-linux-gnu/libhiredis.so.0.14)
==6255==    by 0x48636AA: redisGetReply (in /usr/lib/x86_64-linux-gnu/libhiredis.so.0.14)
==6255==    by 0x486398D: redisvCommand (in /usr/lib/x86_64-linux-gnu/libhiredis.so.0.14)
==6255==    by 0x4863A57: redisCommand (in /usr/lib/x86_64-linux-gnu/libhiredis.so.0.14)
==6255==    by 0x1519AB: somredis::~somredis() (SomRedis.cpp:46)
==6255==    by 0x11817B: Tests_2_connecting_in_redis_and_set_get_Test::TestBody() (Test.cpp:39)
==6255==    by 0x150A40: HandleSehExceptionsInMethodIfSupported<testing::Test, void> (gtest.cc:2433)
==6255==    by 0x150A40: void testing::internal::HandleExceptionsInMethodIfSupported<testing::Test, void>(testing::Test*, void (testing::Test::*)(), char const*) (gtest.cc:2469)
==6255==    by 0x143D95: Run (gtest.cc:2508)
==6255==    by 0x143D95: testing::Test::Run() (gtest.cc:2498)
==6255==    by 0x143EF4: Run (gtest.cc:2684)
==6255==    by 0x143EF4: testing::TestInfo::Run() (gtest.cc:2657)
==6255== 
==6255== 51 (48 direct, 3 indirect) bytes in 1 blocks are definitely lost in loss record 45 of 84
==6255==    at 0x483DD99: calloc (in /usr/lib/x86_64-linux-gnu/valgrind/vgpreload_memcheck-amd64-linux.so)
==6255==    by 0x4861656: ??? (in /usr/lib/x86_64-linux-gnu/libhiredis.so.0.14)
==6255==    by 0x4868D88: redisReaderGetReply (in /usr/lib/x86_64-linux-gnu/libhiredis.so.0.14)
==6255==    by 0x48635B7: redisGetReplyFromReader (in /usr/lib/x86_64-linux-gnu/libhiredis.so.0.14)
==6255==    by 0x48636AA: redisGetReply (in /usr/lib/x86_64-linux-gnu/libhiredis.so.0.14)
==6255==    by 0x486398D: redisvCommand (in /usr/lib/x86_64-linux-gnu/libhiredis.so.0.14)
==6255==    by 0x4863A57: redisCommand (in /usr/lib/x86_64-linux-gnu/libhiredis.so.0.14)
==6255==    by 0x1519AB: somredis::~somredis() (SomRedis.cpp:46)
==6255==    by 0x11DAF9: Tests::~Tests() (Test.cpp:10)
==6255==    by 0x120A79: Tests_2_connecting_in_redis_and_set_get_Test::~Tests_2_connecting_in_redis_and_set_get_Test() (Test.cpp:36)
==6255==    by 0x120A99: Tests_2_connecting_in_redis_and_set_get_Test::~Tests_2_connecting_in_redis_and_set_get_Test() (Test.cpp:36)
==6255==    by 0x150A40: HandleSehExceptionsInMethodIfSupported<testing::Test, void> (gtest.cc:2433)
==6255==    by 0x150A40: void testing::internal::HandleExceptionsInMethodIfSupported<testing::Test, void>(testing::Test*, void (testing::Test::*)(), char const*) (gtest.cc:2469)
==6255== 
==6255== 51 (48 direct, 3 indirect) bytes in 1 blocks are definitely lost in loss record 46 of 84
==6255==    at 0x483DD99: calloc (in /usr/lib/x86_64-linux-gnu/valgrind/vgpreload_memcheck-amd64-linux.so)
==6255==    by 0x4861656: ??? (in /usr/lib/x86_64-linux-gnu/libhiredis.so.0.14)
==6255==    by 0x4868D88: redisReaderGetReply (in /usr/lib/x86_64-linux-gnu/libhiredis.so.0.14)
==6255==    by 0x48635B7: redisGetReplyFromReader (in /usr/lib/x86_64-linux-gnu/libhiredis.so.0.14)
==6255==    by 0x48636AA: redisGetReply (in /usr/lib/x86_64-linux-gnu/libhiredis.so.0.14)
==6255==    by 0x486398D: redisvCommand (in /usr/lib/x86_64-linux-gnu/libhiredis.so.0.14)
==6255==    by 0x4863A57: redisCommand (in /usr/lib/x86_64-linux-gnu/libhiredis.so.0.14)
==6255==    by 0x151B5D: somredis::insert(std::__cxx11::basic_string<char, std::char_traits<char>, std::allocator<char> > const&, std::__cxx11::basic_string<char, std::char_traits<char>, std::allocator<char> > const&) (SomRedis.cpp:61)
==6255==    by 0x11858D: Tests_connecting_s_and_p_to_redis_and_set_s_get_p_and_conversely_Test::TestBody() (Test.cpp:48)
==6255==    by 0x150A40: HandleSehExceptionsInMethodIfSupported<testing::Test, void> (gtest.cc:2433)
==6255==    by 0x150A40: void testing::internal::HandleExceptionsInMethodIfSupported<testing::Test, void>(testing::Test*, void (testing::Test::*)(), char const*) (gtest.cc:2469)
==6255==    by 0x143D95: Run (gtest.cc:2508)
==6255==    by 0x143D95: testing::Test::Run() (gtest.cc:2498)
==6255==    by 0x143EF4: Run (gtest.cc:2684)
==6255==    by 0x143EF4: testing::TestInfo::Run() (gtest.cc:2657)
==6255== 
==6255== 51 (48 direct, 3 indirect) bytes in 1 blocks are definitely lost in loss record 47 of 84
==6255==    at 0x483DD99: calloc (in /usr/lib/x86_64-linux-gnu/valgrind/vgpreload_memcheck-amd64-linux.so)
==6255==    by 0x4861656: ??? (in /usr/lib/x86_64-linux-gnu/libhiredis.so.0.14)
==6255==    by 0x4868D88: redisReaderGetReply (in /usr/lib/x86_64-linux-gnu/libhiredis.so.0.14)
==6255==    by 0x48635B7: redisGetReplyFromReader (in /usr/lib/x86_64-linux-gnu/libhiredis.so.0.14)
==6255==    by 0x48636AA: redisGetReply (in /usr/lib/x86_64-linux-gnu/libhiredis.so.0.14)
==6255==    by 0x486398D: redisvCommand (in /usr/lib/x86_64-linux-gnu/libhiredis.so.0.14)
==6255==    by 0x4863A57: redisCommand (in /usr/lib/x86_64-linux-gnu/libhiredis.so.0.14)
==6255==    by 0x151B5D: somredis::insert(std::__cxx11::basic_string<char, std::char_traits<char>, std::allocator<char> > const&, std::__cxx11::basic_string<char, std::char_traits<char>, std::allocator<char> > const&) (SomRedis.cpp:61)
==6255==    by 0x118635: Tests_connecting_s_and_p_to_redis_and_set_s_get_p_and_conversely_Test::TestBody() (Test.cpp:49)
==6255==    by 0x150A40: HandleSehExceptionsInMethodIfSupported<testing::Test, void> (gtest.cc:2433)
==6255==    by 0x150A40: void testing::internal::HandleExceptionsInMethodIfSupported<testing::Test, void>(testing::Test*, void (testing::Test::*)(), char const*) (gtest.cc:2469)
==6255==    by 0x143D95: Run (gtest.cc:2508)
==6255==    by 0x143D95: testing::Test::Run() (gtest.cc:2498)
==6255==    by 0x143EF4: Run (gtest.cc:2684)
==6255==    by 0x143EF4: testing::TestInfo::Run() (gtest.cc:2657)
==6255== 
==6255== 51 (48 direct, 3 indirect) bytes in 1 blocks are definitely lost in loss record 48 of 84
==6255==    at 0x483DD99: calloc (in /usr/lib/x86_64-linux-gnu/valgrind/vgpreload_memcheck-amd64-linux.so)
==6255==    by 0x4861656: ??? (in /usr/lib/x86_64-linux-gnu/libhiredis.so.0.14)
==6255==    by 0x4868D88: redisReaderGetReply (in /usr/lib/x86_64-linux-gnu/libhiredis.so.0.14)
==6255==    by 0x48635B7: redisGetReplyFromReader (in /usr/lib/x86_64-linux-gnu/libhiredis.so.0.14)
==6255==    by 0x48636AA: redisGetReply (in /usr/lib/x86_64-linux-gnu/libhiredis.so.0.14)
==6255==    by 0x486398D: redisvCommand (in /usr/lib/x86_64-linux-gnu/libhiredis.so.0.14)
==6255==    by 0x4863A57: redisCommand (in /usr/lib/x86_64-linux-gnu/libhiredis.so.0.14)
==6255==    by 0x1519AB: somredis::~somredis() (SomRedis.cpp:46)
==6255==    by 0x11898B: Tests_connecting_s_and_p_to_redis_and_set_s_get_p_and_conversely_Test::TestBody() (Test.cpp:47)
==6255==    by 0x150A40: HandleSehExceptionsInMethodIfSupported<testing::Test, void> (gtest.cc:2433)
==6255==    by 0x150A40: void testing::internal::HandleExceptionsInMethodIfSupported<testing::Test, void>(testing::Test*, void (testing::Test::*)(), char const*) (gtest.cc:2469)
==6255==    by 0x143D95: Run (gtest.cc:2508)
==6255==    by 0x143D95: testing::Test::Run() (gtest.cc:2498)
==6255==    by 0x143EF4: Run (gtest.cc:2684)
==6255==    by 0x143EF4: testing::TestInfo::Run() (gtest.cc:2657)
==6255== 
==6255== 51 (48 direct, 3 indirect) bytes in 1 blocks are definitely lost in loss record 49 of 84
==6255==    at 0x483DD99: calloc (in /usr/lib/x86_64-linux-gnu/valgrind/vgpreload_memcheck-amd64-linux.so)
==6255==    by 0x4861656: ??? (in /usr/lib/x86_64-linux-gnu/libhiredis.so.0.14)
==6255==    by 0x4868D88: redisReaderGetReply (in /usr/lib/x86_64-linux-gnu/libhiredis.so.0.14)
==6255==    by 0x48635B7: redisGetReplyFromReader (in /usr/lib/x86_64-linux-gnu/libhiredis.so.0.14)
==6255==    by 0x48636AA: redisGetReply (in /usr/lib/x86_64-linux-gnu/libhiredis.so.0.14)
==6255==    by 0x486398D: redisvCommand (in /usr/lib/x86_64-linux-gnu/libhiredis.so.0.14)
==6255==    by 0x4863A57: redisCommand (in /usr/lib/x86_64-linux-gnu/libhiredis.so.0.14)
==6255==    by 0x1519AB: somredis::~somredis() (SomRedis.cpp:46)
==6255==    by 0x11DAF9: Tests::~Tests() (Test.cpp:10)
==6255==    by 0x1209BD: Tests_connecting_s_and_p_to_redis_and_set_s_get_p_and_conversely_Test::~Tests_connecting_s_and_p_to_redis_and_set_s_get_p_and_conversely_Test() (Test.cpp:45)
==6255==    by 0x1209DD: Tests_connecting_s_and_p_to_redis_and_set_s_get_p_and_conversely_Test::~Tests_connecting_s_and_p_to_redis_and_set_s_get_p_and_conversely_Test() (Test.cpp:45)
==6255==    by 0x150A40: HandleSehExceptionsInMethodIfSupported<testing::Test, void> (gtest.cc:2433)
==6255==    by 0x150A40: void testing::internal::HandleExceptionsInMethodIfSupported<testing::Test, void>(testing::Test*, void (testing::Test::*)(), char const*) (gtest.cc:2469)
==6255== 
==6255== 51 (48 direct, 3 indirect) bytes in 1 blocks are definitely lost in loss record 50 of 84
==6255==    at 0x483DD99: calloc (in /usr/lib/x86_64-linux-gnu/valgrind/vgpreload_memcheck-amd64-linux.so)
==6255==    by 0x4861656: ??? (in /usr/lib/x86_64-linux-gnu/libhiredis.so.0.14)
==6255==    by 0x4868D88: redisReaderGetReply (in /usr/lib/x86_64-linux-gnu/libhiredis.so.0.14)
==6255==    by 0x48635B7: redisGetReplyFromReader (in /usr/lib/x86_64-linux-gnu/libhiredis.so.0.14)
==6255==    by 0x48636AA: redisGetReply (in /usr/lib/x86_64-linux-gnu/libhiredis.so.0.14)
==6255==    by 0x486398D: redisvCommand (in /usr/lib/x86_64-linux-gnu/libhiredis.so.0.14)
==6255==    by 0x4863A57: redisCommand (in /usr/lib/x86_64-linux-gnu/libhiredis.so.0.14)
==6255==    by 0x1519AB: somredis::~somredis() (SomRedis.cpp:46)
==6255==    by 0x11DAF9: Tests::~Tests() (Test.cpp:10)
==6255==    by 0x120901: Tests_empty_string_should_not_cause_trouble_Test::~Tests_empty_string_should_not_cause_trouble_Test() (Test.cpp:54)
==6255==    by 0x120921: Tests_empty_string_should_not_cause_trouble_Test::~Tests_empty_string_should_not_cause_trouble_Test() (Test.cpp:54)
==6255==    by 0x150A40: HandleSehExceptionsInMethodIfSupported<testing::Test, void> (gtest.cc:2433)
==6255==    by 0x150A40: void testing::internal::HandleExceptionsInMethodIfSupported<testing::Test, void>(testing::Test*, void (testing::Test::*)(), char const*) (gtest.cc:2469)
==6255== 
==6255== 51 (48 direct, 3 indirect) bytes in 1 blocks are definitely lost in loss record 51 of 84
==6255==    at 0x483DD99: calloc (in /usr/lib/x86_64-linux-gnu/valgrind/vgpreload_memcheck-amd64-linux.so)
==6255==    by 0x4861656: ??? (in /usr/lib/x86_64-linux-gnu/libhiredis.so.0.14)
==6255==    by 0x4868D88: redisReaderGetReply (in /usr/lib/x86_64-linux-gnu/libhiredis.so.0.14)
==6255==    by 0x48635B7: redisGetReplyFromReader (in /usr/lib/x86_64-linux-gnu/libhiredis.so.0.14)
==6255==    by 0x48636AA: redisGetReply (in /usr/lib/x86_64-linux-gnu/libhiredis.so.0.14)
==6255==    by 0x486398D: redisvCommand (in /usr/lib/x86_64-linux-gnu/libhiredis.so.0.14)
==6255==    by 0x4863A57: redisCommand (in /usr/lib/x86_64-linux-gnu/libhiredis.so.0.14)
==6255==    by 0x1519AB: somredis::~somredis() (SomRedis.cpp:46)
==6255==    by 0x11DAF9: Tests::~Tests() (Test.cpp:10)
==6255==    by 0x120845: Tests_empty_string_key_Test::~Tests_empty_string_key_Test() (Test.cpp:60)
==6255==    by 0x120865: Tests_empty_string_key_Test::~Tests_empty_string_key_Test() (Test.cpp:60)
==6255==    by 0x150A40: HandleSehExceptionsInMethodIfSupported<testing::Test, void> (gtest.cc:2433)
==6255==    by 0x150A40: void testing::internal::HandleExceptionsInMethodIfSupported<testing::Test, void>(testing::Test*, void (testing::Test::*)(), char const*) (gtest.cc:2469)
==6255== 
==6255== 51 (48 direct, 3 indirect) bytes in 1 blocks are definitely lost in loss record 52 of 84
==6255==    at 0x483DD99: calloc (in /usr/lib/x86_64-linux-gnu/valgrind/vgpreload_memcheck-amd64-linux.so)
==6255==    by 0x4861656: ??? (in /usr/lib/x86_64-linux-gnu/libhiredis.so.0.14)
==6255==    by 0x4868D88: redisReaderGetReply (in /usr/lib/x86_64-linux-gnu/libhiredis.so.0.14)
==6255==    by 0x48635B7: redisGetReplyFromReader (in /usr/lib/x86_64-linux-gnu/libhiredis.so.0.14)
==6255==    by 0x48636AA: redisGetReply (in /usr/lib/x86_64-linux-gnu/libhiredis.so.0.14)
==6255==    by 0x486398D: redisvCommand (in /usr/lib/x86_64-linux-gnu/libhiredis.so.0.14)
==6255==    by 0x4863A57: redisCommand (in /usr/lib/x86_64-linux-gnu/libhiredis.so.0.14)
==6255==    by 0x1519AB: somredis::~somredis() (SomRedis.cpp:46)
==6255==    by 0x11DAF9: Tests::~Tests() (Test.cpp:10)
==6255==    by 0x120789: Tests_empty_string_value_Test::~Tests_empty_string_value_Test() (Test.cpp:66)
==6255==    by 0x1207A9: Tests_empty_string_value_Test::~Tests_empty_string_value_Test() (Test.cpp:66)
==6255==    by 0x150A40: HandleSehExceptionsInMethodIfSupported<testing::Test, void> (gtest.cc:2433)
==6255==    by 0x150A40: void testing::internal::HandleExceptionsInMethodIfSupported<testing::Test, void>(testing::Test*, void (testing::Test::*)(), char const*) (gtest.cc:2469)
==6255== 
==6255== 51 (48 direct, 3 indirect) bytes in 1 blocks are definitely lost in loss record 53 of 84
==6255==    at 0x483DD99: calloc (in /usr/lib/x86_64-linux-gnu/valgrind/vgpreload_memcheck-amd64-linux.so)
==6255==    by 0x4861656: ??? (in /usr/lib/x86_64-linux-gnu/libhiredis.so.0.14)
==6255==    by 0x4868D88: redisReaderGetReply (in /usr/lib/x86_64-linux-gnu/libhiredis.so.0.14)
==6255==    by 0x48635B7: redisGetReplyFromReader (in /usr/lib/x86_64-linux-gnu/libhiredis.so.0.14)
==6255==    by 0x48636AA: redisGetReply (in /usr/lib/x86_64-linux-gnu/libhiredis.so.0.14)
==6255==    by 0x486398D: redisvCommand (in /usr/lib/x86_64-linux-gnu/libhiredis.so.0.14)
==6255==    by 0x4863A57: redisCommand (in /usr/lib/x86_64-linux-gnu/libhiredis.so.0.14)
==6255==    by 0x151B5D: somredis::insert(std::__cxx11::basic_string<char, std::char_traits<char>, std::allocator<char> > const&, std::__cxx11::basic_string<char, std::char_traits<char>, std::allocator<char> > const&) (SomRedis.cpp:61)
==6255==    by 0x118FD8: Tests_bad_characters_should_not_cause_trouble_Test::TestBody() (Test.cpp:75)
==6255==    by 0x150A40: HandleSehExceptionsInMethodIfSupported<testing::Test, void> (gtest.cc:2433)
==6255==    by 0x150A40: void testing::internal::HandleExceptionsInMethodIfSupported<testing::Test, void>(testing::Test*, void (testing::Test::*)(), char const*) (gtest.cc:2469)
==6255==    by 0x143D95: Run (gtest.cc:2508)
==6255==    by 0x143D95: testing::Test::Run() (gtest.cc:2498)
==6255==    by 0x143EF4: Run (gtest.cc:2684)
==6255==    by 0x143EF4: testing::TestInfo::Run() (gtest.cc:2657)
==6255== 
==6255== 51 (48 direct, 3 indirect) bytes in 1 blocks are definitely lost in loss record 54 of 84
==6255==    at 0x483DD99: calloc (in /usr/lib/x86_64-linux-gnu/valgrind/vgpreload_memcheck-amd64-linux.so)
==6255==    by 0x4861656: ??? (in /usr/lib/x86_64-linux-gnu/libhiredis.so.0.14)
==6255==    by 0x4868D88: redisReaderGetReply (in /usr/lib/x86_64-linux-gnu/libhiredis.so.0.14)
==6255==    by 0x48635B7: redisGetReplyFromReader (in /usr/lib/x86_64-linux-gnu/libhiredis.so.0.14)
==6255==    by 0x48636AA: redisGetReply (in /usr/lib/x86_64-linux-gnu/libhiredis.so.0.14)
==6255==    by 0x486398D: redisvCommand (in /usr/lib/x86_64-linux-gnu/libhiredis.so.0.14)
==6255==    by 0x4863A57: redisCommand (in /usr/lib/x86_64-linux-gnu/libhiredis.so.0.14)
==6255==    by 0x1519AB: somredis::~somredis() (SomRedis.cpp:46)
==6255==    by 0x11DAF9: Tests::~Tests() (Test.cpp:10)
==6255==    by 0x1206CD: Tests_bad_characters_should_not_cause_trouble_Test::~Tests_bad_characters_should_not_cause_trouble_Test() (Test.cpp:72)
==6255==    by 0x1206ED: Tests_bad_characters_should_not_cause_trouble_Test::~Tests_bad_characters_should_not_cause_trouble_Test() (Test.cpp:72)
==6255==    by 0x150A40: HandleSehExceptionsInMethodIfSupported<testing::Test, void> (gtest.cc:2433)
==6255==    by 0x150A40: void testing::internal::HandleExceptionsInMethodIfSupported<testing::Test, void>(testing::Test*, void (testing::Test::*)(), char const*) (gtest.cc:2469)
==6255== 
==6255== 51 (48 direct, 3 indirect) bytes in 1 blocks are definitely lost in loss record 55 of 84
==6255==    at 0x483DD99: calloc (in /usr/lib/x86_64-linux-gnu/valgrind/vgpreload_memcheck-amd64-linux.so)
==6255==    by 0x4861656: ??? (in /usr/lib/x86_64-linux-gnu/libhiredis.so.0.14)
==6255==    by 0x4868D88: redisReaderGetReply (in /usr/lib/x86_64-linux-gnu/libhiredis.so.0.14)
==6255==    by 0x48635B7: redisGetReplyFromReader (in /usr/lib/x86_64-linux-gnu/libhiredis.so.0.14)
==6255==    by 0x48636AA: redisGetReply (in /usr/lib/x86_64-linux-gnu/libhiredis.so.0.14)
==6255==    by 0x486398D: redisvCommand (in /usr/lib/x86_64-linux-gnu/libhiredis.so.0.14)
==6255==    by 0x4863A57: redisCommand (in /usr/lib/x86_64-linux-gnu/libhiredis.so.0.14)
==6255==    by 0x151B5D: somredis::insert(std::__cxx11::basic_string<char, std::char_traits<char>, std::allocator<char> > const&, std::__cxx11::basic_string<char, std::char_traits<char>, std::allocator<char> > const&) (SomRedis.cpp:61)
==6255==    by 0x11932D: Tests_bad_characters_insert_and_get_Test::TestBody() (Test.cpp:83)
==6255==    by 0x150A40: HandleSehExceptionsInMethodIfSupported<testing::Test, void> (gtest.cc:2433)
==6255==    by 0x150A40: void testing::internal::HandleExceptionsInMethodIfSupported<testing::Test, void>(testing::Test*, void (testing::Test::*)(), char const*) (gtest.cc:2469)
==6255==    by 0x143D95: Run (gtest.cc:2508)
==6255==    by 0x143D95: testing::Test::Run() (gtest.cc:2498)
==6255==    by 0x143EF4: Run (gtest.cc:2684)
==6255==    by 0x143EF4: testing::TestInfo::Run() (gtest.cc:2657)
==6255== 
==6255== 51 (48 direct, 3 indirect) bytes in 1 blocks are definitely lost in loss record 56 of 84
==6255==    at 0x483DD99: calloc (in /usr/lib/x86_64-linux-gnu/valgrind/vgpreload_memcheck-amd64-linux.so)
==6255==    by 0x4861656: ??? (in /usr/lib/x86_64-linux-gnu/libhiredis.so.0.14)
==6255==    by 0x4868D88: redisReaderGetReply (in /usr/lib/x86_64-linux-gnu/libhiredis.so.0.14)
==6255==    by 0x48635B7: redisGetReplyFromReader (in /usr/lib/x86_64-linux-gnu/libhiredis.so.0.14)
==6255==    by 0x48636AA: redisGetReply (in /usr/lib/x86_64-linux-gnu/libhiredis.so.0.14)
==6255==    by 0x486398D: redisvCommand (in /usr/lib/x86_64-linux-gnu/libhiredis.so.0.14)
==6255==    by 0x4863A57: redisCommand (in /usr/lib/x86_64-linux-gnu/libhiredis.so.0.14)
==6255==    by 0x1519AB: somredis::~somredis() (SomRedis.cpp:46)
==6255==    by 0x11DAF9: Tests::~Tests() (Test.cpp:10)
==6255==    by 0x120611: Tests_bad_characters_insert_and_get_Test::~Tests_bad_characters_insert_and_get_Test() (Test.cpp:79)
==6255==    by 0x120631: Tests_bad_characters_insert_and_get_Test::~Tests_bad_characters_insert_and_get_Test() (Test.cpp:79)
==6255==    by 0x150A40: HandleSehExceptionsInMethodIfSupported<testing::Test, void> (gtest.cc:2433)
==6255==    by 0x150A40: void testing::internal::HandleExceptionsInMethodIfSupported<testing::Test, void>(testing::Test*, void (testing::Test::*)(), char const*) (gtest.cc:2469)
==6255== 
==6255== 51 (48 direct, 3 indirect) bytes in 1 blocks are definitely lost in loss record 57 of 84
==6255==    at 0x483DD99: calloc (in /usr/lib/x86_64-linux-gnu/valgrind/vgpreload_memcheck-amd64-linux.so)
==6255==    by 0x4861656: ??? (in /usr/lib/x86_64-linux-gnu/libhiredis.so.0.14)
==6255==    by 0x4868D88: redisReaderGetReply (in /usr/lib/x86_64-linux-gnu/libhiredis.so.0.14)
==6255==    by 0x48635B7: redisGetReplyFromReader (in /usr/lib/x86_64-linux-gnu/libhiredis.so.0.14)
==6255==    by 0x48636AA: redisGetReply (in /usr/lib/x86_64-linux-gnu/libhiredis.so.0.14)
==6255==    by 0x486398D: redisvCommand (in /usr/lib/x86_64-linux-gnu/libhiredis.so.0.14)
==6255==    by 0x4863A57: redisCommand (in /usr/lib/x86_64-linux-gnu/libhiredis.so.0.14)
==6255==    by 0x151B5D: somredis::insert(std::__cxx11::basic_string<char, std::char_traits<char>, std::allocator<char> > const&, std::__cxx11::basic_string<char, std::char_traits<char>, std::allocator<char> > const&) (SomRedis.cpp:61)
==6255==    by 0x1195B5: Tests_inserted_simple_key_should_be_existed_Test::TestBody() (Test.cpp:89)
==6255==    by 0x150A40: HandleSehExceptionsInMethodIfSupported<testing::Test, void> (gtest.cc:2433)
==6255==    by 0x150A40: void testing::internal::HandleExceptionsInMethodIfSupported<testing::Test, void>(testing::Test*, void (testing::Test::*)(), char const*) (gtest.cc:2469)
==6255==    by 0x143D95: Run (gtest.cc:2508)
==6255==    by 0x143D95: testing::Test::Run() (gtest.cc:2498)
==6255==    by 0x143EF4: Run (gtest.cc:2684)
==6255==    by 0x143EF4: testing::TestInfo::Run() (gtest.cc:2657)
==6255== 
==6255== 51 (48 direct, 3 indirect) bytes in 1 blocks are definitely lost in loss record 58 of 84
==6255==    at 0x483DD99: calloc (in /usr/lib/x86_64-linux-gnu/valgrind/vgpreload_memcheck-amd64-linux.so)
==6255==    by 0x4861656: ??? (in /usr/lib/x86_64-linux-gnu/libhiredis.so.0.14)
==6255==    by 0x4868D88: redisReaderGetReply (in /usr/lib/x86_64-linux-gnu/libhiredis.so.0.14)
==6255==    by 0x48635B7: redisGetReplyFromReader (in /usr/lib/x86_64-linux-gnu/libhiredis.so.0.14)
==6255==    by 0x48636AA: redisGetReply (in /usr/lib/x86_64-linux-gnu/libhiredis.so.0.14)
==6255==    by 0x486398D: redisvCommand (in /usr/lib/x86_64-linux-gnu/libhiredis.so.0.14)
==6255==    by 0x4863A57: redisCommand (in /usr/lib/x86_64-linux-gnu/libhiredis.so.0.14)
==6255==    by 0x1519AB: somredis::~somredis() (SomRedis.cpp:46)
==6255==    by 0x11DAF9: Tests::~Tests() (Test.cpp:10)
==6255==    by 0x120555: Tests_inserted_simple_key_should_be_existed_Test::~Tests_inserted_simple_key_should_be_existed_Test() (Test.cpp:87)
==6255==    by 0x120575: Tests_inserted_simple_key_should_be_existed_Test::~Tests_inserted_simple_key_should_be_existed_Test() (Test.cpp:87)
==6255==    by 0x150A40: HandleSehExceptionsInMethodIfSupported<testing::Test, void> (gtest.cc:2433)
==6255==    by 0x150A40: void testing::internal::HandleExceptionsInMethodIfSupported<testing::Test, void>(testing::Test*, void (testing::Test::*)(), char const*) (gtest.cc:2469)
==6255== 
==6255== 51 (48 direct, 3 indirect) bytes in 1 blocks are definitely lost in loss record 59 of 84
==6255==    at 0x483DD99: calloc (in /usr/lib/x86_64-linux-gnu/valgrind/vgpreload_memcheck-amd64-linux.so)
==6255==    by 0x4861656: ??? (in /usr/lib/x86_64-linux-gnu/libhiredis.so.0.14)
==6255==    by 0x4868D88: redisReaderGetReply (in /usr/lib/x86_64-linux-gnu/libhiredis.so.0.14)
==6255==    by 0x48635B7: redisGetReplyFromReader (in /usr/lib/x86_64-linux-gnu/libhiredis.so.0.14)
==6255==    by 0x48636AA: redisGetReply (in /usr/lib/x86_64-linux-gnu/libhiredis.so.0.14)
==6255==    by 0x486398D: redisvCommand (in /usr/lib/x86_64-linux-gnu/libhiredis.so.0.14)
==6255==    by 0x4863A57: redisCommand (in /usr/lib/x86_64-linux-gnu/libhiredis.so.0.14)
==6255==    by 0x151B5D: somredis::insert(std::__cxx11::basic_string<char, std::char_traits<char>, std::allocator<char> > const&, std::__cxx11::basic_string<char, std::char_traits<char>, std::allocator<char> > const&) (SomRedis.cpp:61)
==6255==    by 0x11993D: Tests_inserted_key_by_space_should_be_existed_Test::TestBody() (Test.cpp:95)
==6255==    by 0x150A40: HandleSehExceptionsInMethodIfSupported<testing::Test, void> (gtest.cc:2433)
==6255==    by 0x150A40: void testing::internal::HandleExceptionsInMethodIfSupported<testing::Test, void>(testing::Test*, void (testing::Test::*)(), char const*) (gtest.cc:2469)
==6255==    by 0x143D95: Run (gtest.cc:2508)
==6255==    by 0x143D95: testing::Test::Run() (gtest.cc:2498)
==6255==    by 0x143EF4: Run (gtest.cc:2684)
==6255==    by 0x143EF4: testing::TestInfo::Run() (gtest.cc:2657)
==6255== 
==6255== 51 (48 direct, 3 indirect) bytes in 1 blocks are definitely lost in loss record 60 of 84
==6255==    at 0x483DD99: calloc (in /usr/lib/x86_64-linux-gnu/valgrind/vgpreload_memcheck-amd64-linux.so)
==6255==    by 0x4861656: ??? (in /usr/lib/x86_64-linux-gnu/libhiredis.so.0.14)
==6255==    by 0x4868D88: redisReaderGetReply (in /usr/lib/x86_64-linux-gnu/libhiredis.so.0.14)
==6255==    by 0x48635B7: redisGetReplyFromReader (in /usr/lib/x86_64-linux-gnu/libhiredis.so.0.14)
==6255==    by 0x48636AA: redisGetReply (in /usr/lib/x86_64-linux-gnu/libhiredis.so.0.14)
==6255==    by 0x486398D: redisvCommand (in /usr/lib/x86_64-linux-gnu/libhiredis.so.0.14)
==6255==    by 0x4863A57: redisCommand (in /usr/lib/x86_64-linux-gnu/libhiredis.so.0.14)
==6255==    by 0x1519AB: somredis::~somredis() (SomRedis.cpp:46)
==6255==    by 0x11DAF9: Tests::~Tests() (Test.cpp:10)
==6255==    by 0x120499: Tests_inserted_key_by_space_should_be_existed_Test::~Tests_inserted_key_by_space_should_be_existed_Test() (Test.cpp:93)
==6255==    by 0x1204B9: Tests_inserted_key_by_space_should_be_existed_Test::~Tests_inserted_key_by_space_should_be_existed_Test() (Test.cpp:93)
==6255==    by 0x150A40: HandleSehExceptionsInMethodIfSupported<testing::Test, void> (gtest.cc:2433)
==6255==    by 0x150A40: void testing::internal::HandleExceptionsInMethodIfSupported<testing::Test, void>(testing::Test*, void (testing::Test::*)(), char const*) (gtest.cc:2469)
==6255== 
==6255== 51 (48 direct, 3 indirect) bytes in 1 blocks are definitely lost in loss record 61 of 84
==6255==    at 0x483DD99: calloc (in /usr/lib/x86_64-linux-gnu/valgrind/vgpreload_memcheck-amd64-linux.so)
==6255==    by 0x4861656: ??? (in /usr/lib/x86_64-linux-gnu/libhiredis.so.0.14)
==6255==    by 0x4868D88: redisReaderGetReply (in /usr/lib/x86_64-linux-gnu/libhiredis.so.0.14)
==6255==    by 0x48635B7: redisGetReplyFromReader (in /usr/lib/x86_64-linux-gnu/libhiredis.so.0.14)
==6255==    by 0x48636AA: redisGetReply (in /usr/lib/x86_64-linux-gnu/libhiredis.so.0.14)
==6255==    by 0x486398D: redisvCommand (in /usr/lib/x86_64-linux-gnu/libhiredis.so.0.14)
==6255==    by 0x4863A57: redisCommand (in /usr/lib/x86_64-linux-gnu/libhiredis.so.0.14)
==6255==    by 0x151B5D: somredis::insert(std::__cxx11::basic_string<char, std::char_traits<char>, std::allocator<char> > const&, std::__cxx11::basic_string<char, std::char_traits<char>, std::allocator<char> > const&) (SomRedis.cpp:61)
==6255==    by 0x119CC5: Tests_inserted_value_by_space_should_be_existed_Test::TestBody() (Test.cpp:101)
==6255==    by 0x150A40: HandleSehExceptionsInMethodIfSupported<testing::Test, void> (gtest.cc:2433)
==6255==    by 0x150A40: void testing::internal::HandleExceptionsInMethodIfSupported<testing::Test, void>(testing::Test*, void (testing::Test::*)(), char const*) (gtest.cc:2469)
==6255==    by 0x143D95: Run (gtest.cc:2508)
==6255==    by 0x143D95: testing::Test::Run() (gtest.cc:2498)
==6255==    by 0x143EF4: Run (gtest.cc:2684)
==6255==    by 0x143EF4: testing::TestInfo::Run() (gtest.cc:2657)
==6255== 
==6255== 51 (48 direct, 3 indirect) bytes in 1 blocks are definitely lost in loss record 62 of 84
==6255==    at 0x483DD99: calloc (in /usr/lib/x86_64-linux-gnu/valgrind/vgpreload_memcheck-amd64-linux.so)
==6255==    by 0x4861656: ??? (in /usr/lib/x86_64-linux-gnu/libhiredis.so.0.14)
==6255==    by 0x4868D88: redisReaderGetReply (in /usr/lib/x86_64-linux-gnu/libhiredis.so.0.14)
==6255==    by 0x48635B7: redisGetReplyFromReader (in /usr/lib/x86_64-linux-gnu/libhiredis.so.0.14)
==6255==    by 0x48636AA: redisGetReply (in /usr/lib/x86_64-linux-gnu/libhiredis.so.0.14)
==6255==    by 0x486398D: redisvCommand (in /usr/lib/x86_64-linux-gnu/libhiredis.so.0.14)
==6255==    by 0x4863A57: redisCommand (in /usr/lib/x86_64-linux-gnu/libhiredis.so.0.14)
==6255==    by 0x1519AB: somredis::~somredis() (SomRedis.cpp:46)
==6255==    by 0x11DAF9: Tests::~Tests() (Test.cpp:10)
==6255==    by 0x1203DD: Tests_inserted_value_by_space_should_be_existed_Test::~Tests_inserted_value_by_space_should_be_existed_Test() (Test.cpp:99)
==6255==    by 0x1203FD: Tests_inserted_value_by_space_should_be_existed_Test::~Tests_inserted_value_by_space_should_be_existed_Test() (Test.cpp:99)
==6255==    by 0x150A40: HandleSehExceptionsInMethodIfSupported<testing::Test, void> (gtest.cc:2433)
==6255==    by 0x150A40: void testing::internal::HandleExceptionsInMethodIfSupported<testing::Test, void>(testing::Test*, void (testing::Test::*)(), char const*) (gtest.cc:2469)
==6255== 
==6255== 51 (48 direct, 3 indirect) bytes in 1 blocks are definitely lost in loss record 63 of 84
==6255==    at 0x483DD99: calloc (in /usr/lib/x86_64-linux-gnu/valgrind/vgpreload_memcheck-amd64-linux.so)
==6255==    by 0x4861656: ??? (in /usr/lib/x86_64-linux-gnu/libhiredis.so.0.14)
==6255==    by 0x4868D88: redisReaderGetReply (in /usr/lib/x86_64-linux-gnu/libhiredis.so.0.14)
==6255==    by 0x48635B7: redisGetReplyFromReader (in /usr/lib/x86_64-linux-gnu/libhiredis.so.0.14)
==6255==    by 0x48636AA: redisGetReply (in /usr/lib/x86_64-linux-gnu/libhiredis.so.0.14)
==6255==    by 0x486398D: redisvCommand (in /usr/lib/x86_64-linux-gnu/libhiredis.so.0.14)
==6255==    by 0x4863A57: redisCommand (in /usr/lib/x86_64-linux-gnu/libhiredis.so.0.14)
==6255==    by 0x151B5D: somredis::insert(std::__cxx11::basic_string<char, std::char_traits<char>, std::allocator<char> > const&, std::__cxx11::basic_string<char, std::char_traits<char>, std::allocator<char> > const&) (SomRedis.cpp:61)
==6255==    by 0x11A04D: Tests_inserted_key_and_value_by_space_should_be_existed_Test::TestBody() (Test.cpp:107)
==6255==    by 0x150A40: HandleSehExceptionsInMethodIfSupported<testing::Test, void> (gtest.cc:2433)
==6255==    by 0x150A40: void testing::internal::HandleExceptionsInMethodIfSupported<testing::Test, void>(testing::Test*, void (testing::Test::*)(), char const*) (gtest.cc:2469)
==6255==    by 0x143D95: Run (gtest.cc:2508)
==6255==    by 0x143D95: testing::Test::Run() (gtest.cc:2498)
==6255==    by 0x143EF4: Run (gtest.cc:2684)
==6255==    by 0x143EF4: testing::TestInfo::Run() (gtest.cc:2657)
==6255== 
==6255== 51 (48 direct, 3 indirect) bytes in 1 blocks are definitely lost in loss record 64 of 84
==6255==    at 0x483DD99: calloc (in /usr/lib/x86_64-linux-gnu/valgrind/vgpreload_memcheck-amd64-linux.so)
==6255==    by 0x4861656: ??? (in /usr/lib/x86_64-linux-gnu/libhiredis.so.0.14)
==6255==    by 0x4868D88: redisReaderGetReply (in /usr/lib/x86_64-linux-gnu/libhiredis.so.0.14)
==6255==    by 0x48635B7: redisGetReplyFromReader (in /usr/lib/x86_64-linux-gnu/libhiredis.so.0.14)
==6255==    by 0x48636AA: redisGetReply (in /usr/lib/x86_64-linux-gnu/libhiredis.so.0.14)
==6255==    by 0x486398D: redisvCommand (in /usr/lib/x86_64-linux-gnu/libhiredis.so.0.14)
==6255==    by 0x4863A57: redisCommand (in /usr/lib/x86_64-linux-gnu/libhiredis.so.0.14)
==6255==    by 0x1519AB: somredis::~somredis() (SomRedis.cpp:46)
==6255==    by 0x11DAF9: Tests::~Tests() (Test.cpp:10)
==6255==    by 0x120321: Tests_inserted_key_and_value_by_space_should_be_existed_Test::~Tests_inserted_key_and_value_by_space_should_be_existed_Test() (Test.cpp:105)
==6255==    by 0x120341: Tests_inserted_key_and_value_by_space_should_be_existed_Test::~Tests_inserted_key_and_value_by_space_should_be_existed_Test() (Test.cpp:105)
==6255==    by 0x150A40: HandleSehExceptionsInMethodIfSupported<testing::Test, void> (gtest.cc:2433)
==6255==    by 0x150A40: void testing::internal::HandleExceptionsInMethodIfSupported<testing::Test, void>(testing::Test*, void (testing::Test::*)(), char const*) (gtest.cc:2469)
==6255== 
==6255== 51 (48 direct, 3 indirect) bytes in 1 blocks are definitely lost in loss record 65 of 84
==6255==    at 0x483DD99: calloc (in /usr/lib/x86_64-linux-gnu/valgrind/vgpreload_memcheck-amd64-linux.so)
==6255==    by 0x4861656: ??? (in /usr/lib/x86_64-linux-gnu/libhiredis.so.0.14)
==6255==    by 0x4868D88: redisReaderGetReply (in /usr/lib/x86_64-linux-gnu/libhiredis.so.0.14)
==6255==    by 0x48635B7: redisGetReplyFromReader (in /usr/lib/x86_64-linux-gnu/libhiredis.so.0.14)
==6255==    by 0x48636AA: redisGetReply (in /usr/lib/x86_64-linux-gnu/libhiredis.so.0.14)
==6255==    by 0x486398D: redisvCommand (in /usr/lib/x86_64-linux-gnu/libhiredis.so.0.14)
==6255==    by 0x4863A57: redisCommand (in /usr/lib/x86_64-linux-gnu/libhiredis.so.0.14)
==6255==    by 0x151B5D: somredis::insert(std::__cxx11::basic_string<char, std::char_traits<char>, std::allocator<char> > const&, std::__cxx11::basic_string<char, std::char_traits<char>, std::allocator<char> > const&) (SomRedis.cpp:61)
==6255==    by 0x11A3D5: Tests_inserted_key_by_Capital_letters_should_be_existed_Test::TestBody() (Test.cpp:113)
==6255==    by 0x150A40: HandleSehExceptionsInMethodIfSupported<testing::Test, void> (gtest.cc:2433)
==6255==    by 0x150A40: void testing::internal::HandleExceptionsInMethodIfSupported<testing::Test, void>(testing::Test*, void (testing::Test::*)(), char const*) (gtest.cc:2469)
==6255==    by 0x143D95: Run (gtest.cc:2508)
==6255==    by 0x143D95: testing::Test::Run() (gtest.cc:2498)
==6255==    by 0x143EF4: Run (gtest.cc:2684)
==6255==    by 0x143EF4: testing::TestInfo::Run() (gtest.cc:2657)
==6255== 
==6255== 51 (48 direct, 3 indirect) bytes in 1 blocks are definitely lost in loss record 66 of 84
==6255==    at 0x483DD99: calloc (in /usr/lib/x86_64-linux-gnu/valgrind/vgpreload_memcheck-amd64-linux.so)
==6255==    by 0x4861656: ??? (in /usr/lib/x86_64-linux-gnu/libhiredis.so.0.14)
==6255==    by 0x4868D88: redisReaderGetReply (in /usr/lib/x86_64-linux-gnu/libhiredis.so.0.14)
==6255==    by 0x48635B7: redisGetReplyFromReader (in /usr/lib/x86_64-linux-gnu/libhiredis.so.0.14)
==6255==    by 0x48636AA: redisGetReply (in /usr/lib/x86_64-linux-gnu/libhiredis.so.0.14)
==6255==    by 0x486398D: redisvCommand (in /usr/lib/x86_64-linux-gnu/libhiredis.so.0.14)
==6255==    by 0x4863A57: redisCommand (in /usr/lib/x86_64-linux-gnu/libhiredis.so.0.14)
==6255==    by 0x1519AB: somredis::~somredis() (SomRedis.cpp:46)
==6255==    by 0x11DAF9: Tests::~Tests() (Test.cpp:10)
==6255==    by 0x120265: Tests_inserted_key_by_Capital_letters_should_be_existed_Test::~Tests_inserted_key_by_Capital_letters_should_be_existed_Test() (Test.cpp:111)
==6255==    by 0x120285: Tests_inserted_key_by_Capital_letters_should_be_existed_Test::~Tests_inserted_key_by_Capital_letters_should_be_existed_Test() (Test.cpp:111)
==6255==    by 0x150A40: HandleSehExceptionsInMethodIfSupported<testing::Test, void> (gtest.cc:2433)
==6255==    by 0x150A40: void testing::internal::HandleExceptionsInMethodIfSupported<testing::Test, void>(testing::Test*, void (testing::Test::*)(), char const*) (gtest.cc:2469)
==6255== 
==6255== 51 (48 direct, 3 indirect) bytes in 1 blocks are definitely lost in loss record 67 of 84
==6255==    at 0x483DD99: calloc (in /usr/lib/x86_64-linux-gnu/valgrind/vgpreload_memcheck-amd64-linux.so)
==6255==    by 0x4861656: ??? (in /usr/lib/x86_64-linux-gnu/libhiredis.so.0.14)
==6255==    by 0x4868D88: redisReaderGetReply (in /usr/lib/x86_64-linux-gnu/libhiredis.so.0.14)
==6255==    by 0x48635B7: redisGetReplyFromReader (in /usr/lib/x86_64-linux-gnu/libhiredis.so.0.14)
==6255==    by 0x48636AA: redisGetReply (in /usr/lib/x86_64-linux-gnu/libhiredis.so.0.14)
==6255==    by 0x486398D: redisvCommand (in /usr/lib/x86_64-linux-gnu/libhiredis.so.0.14)
==6255==    by 0x4863A57: redisCommand (in /usr/lib/x86_64-linux-gnu/libhiredis.so.0.14)
==6255==    by 0x151B5D: somredis::insert(std::__cxx11::basic_string<char, std::char_traits<char>, std::allocator<char> > const&, std::__cxx11::basic_string<char, std::char_traits<char>, std::allocator<char> > const&) (SomRedis.cpp:61)
==6255==    by 0x11A953: Tests_not_find_key_Test::TestBody() (Test.cpp:120)
==6255==    by 0x150A40: HandleSehExceptionsInMethodIfSupported<testing::Test, void> (gtest.cc:2433)
==6255==    by 0x150A40: void testing::internal::HandleExceptionsInMethodIfSupported<testing::Test, void>(testing::Test*, void (testing::Test::*)(), char const*) (gtest.cc:2469)
==6255==    by 0x143D95: Run (gtest.cc:2508)
==6255==    by 0x143D95: testing::Test::Run() (gtest.cc:2498)
==6255==    by 0x143EF4: Run (gtest.cc:2684)
==6255==    by 0x143EF4: testing::TestInfo::Run() (gtest.cc:2657)
==6255== 
==6255== 51 (48 direct, 3 indirect) bytes in 1 blocks are definitely lost in loss record 68 of 84
==6255==    at 0x483DD99: calloc (in /usr/lib/x86_64-linux-gnu/valgrind/vgpreload_memcheck-amd64-linux.so)
==6255==    by 0x4861656: ??? (in /usr/lib/x86_64-linux-gnu/libhiredis.so.0.14)
==6255==    by 0x4868D88: redisReaderGetReply (in /usr/lib/x86_64-linux-gnu/libhiredis.so.0.14)
==6255==    by 0x48635B7: redisGetReplyFromReader (in /usr/lib/x86_64-linux-gnu/libhiredis.so.0.14)
==6255==    by 0x48636AA: redisGetReply (in /usr/lib/x86_64-linux-gnu/libhiredis.so.0.14)
==6255==    by 0x486398D: redisvCommand (in /usr/lib/x86_64-linux-gnu/libhiredis.so.0.14)
==6255==    by 0x4863A57: redisCommand (in /usr/lib/x86_64-linux-gnu/libhiredis.so.0.14)
==6255==    by 0x1519AB: somredis::~somredis() (SomRedis.cpp:46)
==6255==    by 0x11DAF9: Tests::~Tests() (Test.cpp:10)
==6255==    by 0x1201A9: Tests_not_find_key_Test::~Tests_not_find_key_Test() (Test.cpp:118)
==6255==    by 0x1201C9: Tests_not_find_key_Test::~Tests_not_find_key_Test() (Test.cpp:118)
==6255==    by 0x150A40: HandleSehExceptionsInMethodIfSupported<testing::Test, void> (gtest.cc:2433)
==6255==    by 0x150A40: void testing::internal::HandleExceptionsInMethodIfSupported<testing::Test, void>(testing::Test*, void (testing::Test::*)(), char const*) (gtest.cc:2469)
==6255== 
==6255== 51 (48 direct, 3 indirect) bytes in 1 blocks are definitely lost in loss record 69 of 84
==6255==    at 0x483DD99: calloc (in /usr/lib/x86_64-linux-gnu/valgrind/vgpreload_memcheck-amd64-linux.so)
==6255==    by 0x4861656: ??? (in /usr/lib/x86_64-linux-gnu/libhiredis.so.0.14)
==6255==    by 0x4868D88: redisReaderGetReply (in /usr/lib/x86_64-linux-gnu/libhiredis.so.0.14)
==6255==    by 0x48635B7: redisGetReplyFromReader (in /usr/lib/x86_64-linux-gnu/libhiredis.so.0.14)
==6255==    by 0x48636AA: redisGetReply (in /usr/lib/x86_64-linux-gnu/libhiredis.so.0.14)
==6255==    by 0x486398D: redisvCommand (in /usr/lib/x86_64-linux-gnu/libhiredis.so.0.14)
==6255==    by 0x4863A57: redisCommand (in /usr/lib/x86_64-linux-gnu/libhiredis.so.0.14)
==6255==    by 0x1519AB: somredis::~somredis() (SomRedis.cpp:46)
==6255==    by 0x11DAF9: Tests::~Tests() (Test.cpp:10)
==6255==    by 0x1200ED: Tests_get_key_when_Does_not_exist_Test::~Tests_get_key_when_Does_not_exist_Test() (Test.cpp:124)
==6255==    by 0x12010D: Tests_get_key_when_Does_not_exist_Test::~Tests_get_key_when_Does_not_exist_Test() (Test.cpp:124)
==6255==    by 0x150A40: HandleSehExceptionsInMethodIfSupported<testing::Test, void> (gtest.cc:2433)
==6255==    by 0x150A40: void testing::internal::HandleExceptionsInMethodIfSupported<testing::Test, void>(testing::Test*, void (testing::Test::*)(), char const*) (gtest.cc:2469)
==6255== 
==6255== 51 (48 direct, 3 indirect) bytes in 1 blocks are definitely lost in loss record 70 of 84
==6255==    at 0x483DD99: calloc (in /usr/lib/x86_64-linux-gnu/valgrind/vgpreload_memcheck-amd64-linux.so)
==6255==    by 0x4861656: ??? (in /usr/lib/x86_64-linux-gnu/libhiredis.so.0.14)
==6255==    by 0x4868D88: redisReaderGetReply (in /usr/lib/x86_64-linux-gnu/libhiredis.so.0.14)
==6255==    by 0x48635B7: redisGetReplyFromReader (in /usr/lib/x86_64-linux-gnu/libhiredis.so.0.14)
==6255==    by 0x48636AA: redisGetReply (in /usr/lib/x86_64-linux-gnu/libhiredis.so.0.14)
==6255==    by 0x486398D: redisvCommand (in /usr/lib/x86_64-linux-gnu/libhiredis.so.0.14)
==6255==    by 0x4863A57: redisCommand (in /usr/lib/x86_64-linux-gnu/libhiredis.so.0.14)
==6255==    by 0x1519AB: somredis::~somredis() (SomRedis.cpp:46)
==6255==    by 0x11DAF9: Tests::~Tests() (Test.cpp:10)
==6255==    by 0x120031: Tests_delete_key_when_does_not_exist_Test::~Tests_delete_key_when_does_not_exist_Test() (Test.cpp:129)
==6255==    by 0x120051: Tests_delete_key_when_does_not_exist_Test::~Tests_delete_key_when_does_not_exist_Test() (Test.cpp:129)
==6255==    by 0x150A40: HandleSehExceptionsInMethodIfSupported<testing::Test, void> (gtest.cc:2433)
==6255==    by 0x150A40: void testing::internal::HandleExceptionsInMethodIfSupported<testing::Test, void>(testing::Test*, void (testing::Test::*)(), char const*) (gtest.cc:2469)
==6255== 
==6255== 51 (48 direct, 3 indirect) bytes in 1 blocks are definitely lost in loss record 71 of 84
==6255==    at 0x483DD99: calloc (in /usr/lib/x86_64-linux-gnu/valgrind/vgpreload_memcheck-amd64-linux.so)
==6255==    by 0x4861656: ??? (in /usr/lib/x86_64-linux-gnu/libhiredis.so.0.14)
==6255==    by 0x4868D88: redisReaderGetReply (in /usr/lib/x86_64-linux-gnu/libhiredis.so.0.14)
==6255==    by 0x48635B7: redisGetReplyFromReader (in /usr/lib/x86_64-linux-gnu/libhiredis.so.0.14)
==6255==    by 0x48636AA: redisGetReply (in /usr/lib/x86_64-linux-gnu/libhiredis.so.0.14)
==6255==    by 0x486398D: redisvCommand (in /usr/lib/x86_64-linux-gnu/libhiredis.so.0.14)
==6255==    by 0x4863A57: redisCommand (in /usr/lib/x86_64-linux-gnu/libhiredis.so.0.14)
==6255==    by 0x151B5D: somredis::insert(std::__cxx11::basic_string<char, std::char_traits<char>, std::allocator<char> > const&, std::__cxx11::basic_string<char, std::char_traits<char>, std::allocator<char> > const&) (SomRedis.cpp:61)
==6255==    by 0x11B08F: Tests_delete_key_exist_Test::TestBody() (Test.cpp:136)
==6255==    by 0x150A40: HandleSehExceptionsInMethodIfSupported<testing::Test, void> (gtest.cc:2433)
==6255==    by 0x150A40: void testing::internal::HandleExceptionsInMethodIfSupported<testing::Test, void>(testing::Test*, void (testing::Test::*)(), char const*) (gtest.cc:2469)
==6255==    by 0x143D95: Run (gtest.cc:2508)
==6255==    by 0x143D95: testing::Test::Run() (gtest.cc:2498)
==6255==    by 0x143EF4: Run (gtest.cc:2684)
==6255==    by 0x143EF4: testing::TestInfo::Run() (gtest.cc:2657)
==6255== 
==6255== 51 (48 direct, 3 indirect) bytes in 1 blocks are definitely lost in loss record 72 of 84
==6255==    at 0x483DD99: calloc (in /usr/lib/x86_64-linux-gnu/valgrind/vgpreload_memcheck-amd64-linux.so)
==6255==    by 0x4861656: ??? (in /usr/lib/x86_64-linux-gnu/libhiredis.so.0.14)
==6255==    by 0x4868D88: redisReaderGetReply (in /usr/lib/x86_64-linux-gnu/libhiredis.so.0.14)
==6255==    by 0x48635B7: redisGetReplyFromReader (in /usr/lib/x86_64-linux-gnu/libhiredis.so.0.14)
==6255==    by 0x48636AA: redisGetReply (in /usr/lib/x86_64-linux-gnu/libhiredis.so.0.14)
==6255==    by 0x486398D: redisvCommand (in /usr/lib/x86_64-linux-gnu/libhiredis.so.0.14)
==6255==    by 0x4863A57: redisCommand (in /usr/lib/x86_64-linux-gnu/libhiredis.so.0.14)
==6255==    by 0x1519AB: somredis::~somredis() (SomRedis.cpp:46)
==6255==    by 0x11DAF9: Tests::~Tests() (Test.cpp:10)
==6255==    by 0x11FF75: Tests_delete_key_exist_Test::~Tests_delete_key_exist_Test() (Test.cpp:134)
==6255==    by 0x11FF95: Tests_delete_key_exist_Test::~Tests_delete_key_exist_Test() (Test.cpp:134)
==6255==    by 0x150A40: HandleSehExceptionsInMethodIfSupported<testing::Test, void> (gtest.cc:2433)
==6255==    by 0x150A40: void testing::internal::HandleExceptionsInMethodIfSupported<testing::Test, void>(testing::Test*, void (testing::Test::*)(), char const*) (gtest.cc:2469)
==6255== 
==6255== 51 (48 direct, 3 indirect) bytes in 1 blocks are definitely lost in loss record 73 of 84
==6255==    at 0x483DD99: calloc (in /usr/lib/x86_64-linux-gnu/valgrind/vgpreload_memcheck-amd64-linux.so)
==6255==    by 0x4861656: ??? (in /usr/lib/x86_64-linux-gnu/libhiredis.so.0.14)
==6255==    by 0x4868D88: redisReaderGetReply (in /usr/lib/x86_64-linux-gnu/libhiredis.so.0.14)
==6255==    by 0x48635B7: redisGetReplyFromReader (in /usr/lib/x86_64-linux-gnu/libhiredis.so.0.14)
==6255==    by 0x48636AA: redisGetReply (in /usr/lib/x86_64-linux-gnu/libhiredis.so.0.14)
==6255==    by 0x486398D: redisvCommand (in /usr/lib/x86_64-linux-gnu/libhiredis.so.0.14)
==6255==    by 0x4863A57: redisCommand (in /usr/lib/x86_64-linux-gnu/libhiredis.so.0.14)
==6255==    by 0x151B5D: somredis::insert(std::__cxx11::basic_string<char, std::char_traits<char>, std::allocator<char> > const&, std::__cxx11::basic_string<char, std::char_traits<char>, std::allocator<char> > const&) (SomRedis.cpp:61)
==6255==    by 0x11B35F: Tests_delete_key_exist_and_test_not_exist_Test::TestBody() (Test.cpp:142)
==6255==    by 0x150A40: HandleSehExceptionsInMethodIfSupported<testing::Test, void> (gtest.cc:2433)
==6255==    by 0x150A40: void testing::internal::HandleExceptionsInMethodIfSupported<testing::Test, void>(testing::Test*, void (testing::Test::*)(), char const*) (gtest.cc:2469)
==6255==    by 0x143D95: Run (gtest.cc:2508)
==6255==    by 0x143D95: testing::Test::Run() (gtest.cc:2498)
==6255==    by 0x143EF4: Run (gtest.cc:2684)
==6255==    by 0x143EF4: testing::TestInfo::Run() (gtest.cc:2657)
==6255== 
==6255== 51 (48 direct, 3 indirect) bytes in 1 blocks are definitely lost in loss record 74 of 84
==6255==    at 0x483DD99: calloc (in /usr/lib/x86_64-linux-gnu/valgrind/vgpreload_memcheck-amd64-linux.so)
==6255==    by 0x4861656: ??? (in /usr/lib/x86_64-linux-gnu/libhiredis.so.0.14)
==6255==    by 0x4868D88: redisReaderGetReply (in /usr/lib/x86_64-linux-gnu/libhiredis.so.0.14)
==6255==    by 0x48635B7: redisGetReplyFromReader (in /usr/lib/x86_64-linux-gnu/libhiredis.so.0.14)
==6255==    by 0x48636AA: redisGetReply (in /usr/lib/x86_64-linux-gnu/libhiredis.so.0.14)
==6255==    by 0x486398D: redisvCommand (in /usr/lib/x86_64-linux-gnu/libhiredis.so.0.14)
==6255==    by 0x4863A57: redisCommand (in /usr/lib/x86_64-linux-gnu/libhiredis.so.0.14)
==6255==    by 0x1519AB: somredis::~somredis() (SomRedis.cpp:46)
==6255==    by 0x11DAF9: Tests::~Tests() (Test.cpp:10)
==6255==    by 0x11FEB9: Tests_delete_key_exist_and_test_not_exist_Test::~Tests_delete_key_exist_and_test_not_exist_Test() (Test.cpp:140)
==6255==    by 0x11FED9: Tests_delete_key_exist_and_test_not_exist_Test::~Tests_delete_key_exist_and_test_not_exist_Test() (Test.cpp:140)
==6255==    by 0x150A40: HandleSehExceptionsInMethodIfSupported<testing::Test, void> (gtest.cc:2433)
==6255==    by 0x150A40: void testing::internal::HandleExceptionsInMethodIfSupported<testing::Test, void>(testing::Test*, void (testing::Test::*)(), char const*) (gtest.cc:2469)
==6255== 
==6255== 51 (48 direct, 3 indirect) bytes in 1 blocks are definitely lost in loss record 75 of 84
==6255==    at 0x483DD99: calloc (in /usr/lib/x86_64-linux-gnu/valgrind/vgpreload_memcheck-amd64-linux.so)
==6255==    by 0x4861656: ??? (in /usr/lib/x86_64-linux-gnu/libhiredis.so.0.14)
==6255==    by 0x4868D88: redisReaderGetReply (in /usr/lib/x86_64-linux-gnu/libhiredis.so.0.14)
==6255==    by 0x48635B7: redisGetReplyFromReader (in /usr/lib/x86_64-linux-gnu/libhiredis.so.0.14)
==6255==    by 0x48636AA: redisGetReply (in /usr/lib/x86_64-linux-gnu/libhiredis.so.0.14)
==6255==    by 0x486398D: redisvCommand (in /usr/lib/x86_64-linux-gnu/libhiredis.so.0.14)
==6255==    by 0x4863A57: redisCommand (in /usr/lib/x86_64-linux-gnu/libhiredis.so.0.14)
==6255==    by 0x1519AB: somredis::~somredis() (SomRedis.cpp:46)
==6255==    by 0x11DAF9: Tests::~Tests() (Test.cpp:10)
==6255==    by 0x11FDFD: Tests_empty_size_Test::~Tests_empty_size_Test() (Test.cpp:147)
==6255==    by 0x11FE1D: Tests_empty_size_Test::~Tests_empty_size_Test() (Test.cpp:147)
==6255==    by 0x150A40: HandleSehExceptionsInMethodIfSupported<testing::Test, void> (gtest.cc:2433)
==6255==    by 0x150A40: void testing::internal::HandleExceptionsInMethodIfSupported<testing::Test, void>(testing::Test*, void (testing::Test::*)(), char const*) (gtest.cc:2469)
==6255== 
==6255== 51 (48 direct, 3 indirect) bytes in 1 blocks are definitely lost in loss record 76 of 84
==6255==    at 0x483DD99: calloc (in /usr/lib/x86_64-linux-gnu/valgrind/vgpreload_memcheck-amd64-linux.so)
==6255==    by 0x4861656: ??? (in /usr/lib/x86_64-linux-gnu/libhiredis.so.0.14)
==6255==    by 0x4868D88: redisReaderGetReply (in /usr/lib/x86_64-linux-gnu/libhiredis.so.0.14)
==6255==    by 0x48635B7: redisGetReplyFromReader (in /usr/lib/x86_64-linux-gnu/libhiredis.so.0.14)
==6255==    by 0x48636AA: redisGetReply (in /usr/lib/x86_64-linux-gnu/libhiredis.so.0.14)
==6255==    by 0x486398D: redisvCommand (in /usr/lib/x86_64-linux-gnu/libhiredis.so.0.14)
==6255==    by 0x4863A57: redisCommand (in /usr/lib/x86_64-linux-gnu/libhiredis.so.0.14)
==6255==    by 0x151B5D: somredis::insert(std::__cxx11::basic_string<char, std::char_traits<char>, std::allocator<char> > const&, std::__cxx11::basic_string<char, std::char_traits<char>, std::allocator<char> > const&) (SomRedis.cpp:61)
==6255==    by 0x11B9D1: Tests_size_Test::TestBody() (Test.cpp:154)
==6255==    by 0x150A40: HandleSehExceptionsInMethodIfSupported<testing::Test, void> (gtest.cc:2433)
==6255==    by 0x150A40: void testing::internal::HandleExceptionsInMethodIfSupported<testing::Test, void>(testing::Test*, void (testing::Test::*)(), char const*) (gtest.cc:2469)
==6255==    by 0x143D95: Run (gtest.cc:2508)
==6255==    by 0x143D95: testing::Test::Run() (gtest.cc:2498)
==6255==    by 0x143EF4: Run (gtest.cc:2684)
==6255==    by 0x143EF4: testing::TestInfo::Run() (gtest.cc:2657)
==6255== 
==6255== 51 (48 direct, 3 indirect) bytes in 1 blocks are definitely lost in loss record 77 of 84
==6255==    at 0x483DD99: calloc (in /usr/lib/x86_64-linux-gnu/valgrind/vgpreload_memcheck-amd64-linux.so)
==6255==    by 0x4861656: ??? (in /usr/lib/x86_64-linux-gnu/libhiredis.so.0.14)
==6255==    by 0x4868D88: redisReaderGetReply (in /usr/lib/x86_64-linux-gnu/libhiredis.so.0.14)
==6255==    by 0x48635B7: redisGetReplyFromReader (in /usr/lib/x86_64-linux-gnu/libhiredis.so.0.14)
==6255==    by 0x48636AA: redisGetReply (in /usr/lib/x86_64-linux-gnu/libhiredis.so.0.14)
==6255==    by 0x486398D: redisvCommand (in /usr/lib/x86_64-linux-gnu/libhiredis.so.0.14)
==6255==    by 0x4863A57: redisCommand (in /usr/lib/x86_64-linux-gnu/libhiredis.so.0.14)
==6255==    by 0x151B5D: somredis::insert(std::__cxx11::basic_string<char, std::char_traits<char>, std::allocator<char> > const&, std::__cxx11::basic_string<char, std::char_traits<char>, std::allocator<char> > const&) (SomRedis.cpp:61)
==6255==    by 0x11BA65: Tests_size_Test::TestBody() (Test.cpp:155)
==6255==    by 0x150A40: HandleSehExceptionsInMethodIfSupported<testing::Test, void> (gtest.cc:2433)
==6255==    by 0x150A40: void testing::internal::HandleExceptionsInMethodIfSupported<testing::Test, void>(testing::Test*, void (testing::Test::*)(), char const*) (gtest.cc:2469)
==6255==    by 0x143D95: Run (gtest.cc:2508)
==6255==    by 0x143D95: testing::Test::Run() (gtest.cc:2498)
==6255==    by 0x143EF4: Run (gtest.cc:2684)
==6255==    by 0x143EF4: testing::TestInfo::Run() (gtest.cc:2657)
==6255== 
==6255== 51 (48 direct, 3 indirect) bytes in 1 blocks are definitely lost in loss record 78 of 84
==6255==    at 0x483DD99: calloc (in /usr/lib/x86_64-linux-gnu/valgrind/vgpreload_memcheck-amd64-linux.so)
==6255==    by 0x4861656: ??? (in /usr/lib/x86_64-linux-gnu/libhiredis.so.0.14)
==6255==    by 0x4868D88: redisReaderGetReply (in /usr/lib/x86_64-linux-gnu/libhiredis.so.0.14)
==6255==    by 0x48635B7: redisGetReplyFromReader (in /usr/lib/x86_64-linux-gnu/libhiredis.so.0.14)
==6255==    by 0x48636AA: redisGetReply (in /usr/lib/x86_64-linux-gnu/libhiredis.so.0.14)
==6255==    by 0x486398D: redisvCommand (in /usr/lib/x86_64-linux-gnu/libhiredis.so.0.14)
==6255==    by 0x4863A57: redisCommand (in /usr/lib/x86_64-linux-gnu/libhiredis.so.0.14)
==6255==    by 0x1519AB: somredis::~somredis() (SomRedis.cpp:46)
==6255==    by 0x11DAF9: Tests::~Tests() (Test.cpp:10)
==6255==    by 0x11FD41: Tests_size_Test::~Tests_size_Test() (Test.cpp:152)
==6255==    by 0x11FD61: Tests_size_Test::~Tests_size_Test() (Test.cpp:152)
==6255==    by 0x150A40: HandleSehExceptionsInMethodIfSupported<testing::Test, void> (gtest.cc:2433)
==6255==    by 0x150A40: void testing::internal::HandleExceptionsInMethodIfSupported<testing::Test, void>(testing::Test*, void (testing::Test::*)(), char const*) (gtest.cc:2469)
==6255== 
==6255== 51 (48 direct, 3 indirect) bytes in 1 blocks are definitely lost in loss record 79 of 84
==6255==    at 0x483DD99: calloc (in /usr/lib/x86_64-linux-gnu/valgrind/vgpreload_memcheck-amd64-linux.so)
==6255==    by 0x4861656: ??? (in /usr/lib/x86_64-linux-gnu/libhiredis.so.0.14)
==6255==    by 0x4868D88: redisReaderGetReply (in /usr/lib/x86_64-linux-gnu/libhiredis.so.0.14)
==6255==    by 0x48635B7: redisGetReplyFromReader (in /usr/lib/x86_64-linux-gnu/libhiredis.so.0.14)
==6255==    by 0x48636AA: redisGetReply (in /usr/lib/x86_64-linux-gnu/libhiredis.so.0.14)
==6255==    by 0x486398D: redisvCommand (in /usr/lib/x86_64-linux-gnu/libhiredis.so.0.14)
==6255==    by 0x4863A57: redisCommand (in /usr/lib/x86_64-linux-gnu/libhiredis.so.0.14)
==6255==    by 0x151DE9: somredis::clear() (SomRedis.cpp:106)
==6255==    by 0x11BCA5: Tests_empty_and_clear_Test::TestBody() (Test.cpp:161)
==6255==    by 0x150A40: HandleSehExceptionsInMethodIfSupported<testing::Test, void> (gtest.cc:2433)
==6255==    by 0x150A40: void testing::internal::HandleExceptionsInMethodIfSupported<testing::Test, void>(testing::Test*, void (testing::Test::*)(), char const*) (gtest.cc:2469)
==6255==    by 0x143D95: Run (gtest.cc:2508)
==6255==    by 0x143D95: testing::Test::Run() (gtest.cc:2498)
==6255==    by 0x143EF4: Run (gtest.cc:2684)
==6255==    by 0x143EF4: testing::TestInfo::Run() (gtest.cc:2657)
==6255== 
==6255== 51 (48 direct, 3 indirect) bytes in 1 blocks are definitely lost in loss record 80 of 84
==6255==    at 0x483DD99: calloc (in /usr/lib/x86_64-linux-gnu/valgrind/vgpreload_memcheck-amd64-linux.so)
==6255==    by 0x4861656: ??? (in /usr/lib/x86_64-linux-gnu/libhiredis.so.0.14)
==6255==    by 0x4868D88: redisReaderGetReply (in /usr/lib/x86_64-linux-gnu/libhiredis.so.0.14)
==6255==    by 0x48635B7: redisGetReplyFromReader (in /usr/lib/x86_64-linux-gnu/libhiredis.so.0.14)
==6255==    by 0x48636AA: redisGetReply (in /usr/lib/x86_64-linux-gnu/libhiredis.so.0.14)
==6255==    by 0x486398D: redisvCommand (in /usr/lib/x86_64-linux-gnu/libhiredis.so.0.14)
==6255==    by 0x4863A57: redisCommand (in /usr/lib/x86_64-linux-gnu/libhiredis.so.0.14)
==6255==    by 0x1519AB: somredis::~somredis() (SomRedis.cpp:46)
==6255==    by 0x11DAF9: Tests::~Tests() (Test.cpp:10)
==6255==    by 0x11FC85: Tests_empty_and_clear_Test::~Tests_empty_and_clear_Test() (Test.cpp:159)
==6255==    by 0x11FCA5: Tests_empty_and_clear_Test::~Tests_empty_and_clear_Test() (Test.cpp:159)
==6255==    by 0x150A40: HandleSehExceptionsInMethodIfSupported<testing::Test, void> (gtest.cc:2433)
==6255==    by 0x150A40: void testing::internal::HandleExceptionsInMethodIfSupported<testing::Test, void>(testing::Test*, void (testing::Test::*)(), char const*) (gtest.cc:2469)
==6255== 
==6255== 1,071 (1,008 direct, 63 indirect) bytes in 21 blocks are definitely lost in loss record 83 of 84
==6255==    at 0x483DD99: calloc (in /usr/lib/x86_64-linux-gnu/valgrind/vgpreload_memcheck-amd64-linux.so)
==6255==    by 0x4861656: ??? (in /usr/lib/x86_64-linux-gnu/libhiredis.so.0.14)
==6255==    by 0x4868D88: redisReaderGetReply (in /usr/lib/x86_64-linux-gnu/libhiredis.so.0.14)
==6255==    by 0x48635B7: redisGetReplyFromReader (in /usr/lib/x86_64-linux-gnu/libhiredis.so.0.14)
==6255==    by 0x48636AA: redisGetReply (in /usr/lib/x86_64-linux-gnu/libhiredis.so.0.14)
==6255==    by 0x486398D: redisvCommand (in /usr/lib/x86_64-linux-gnu/libhiredis.so.0.14)
==6255==    by 0x4863A57: redisCommand (in /usr/lib/x86_64-linux-gnu/libhiredis.so.0.14)
==6255==    by 0x151DE9: somredis::clear() (SomRedis.cpp:106)
==6255==    by 0x11DAA3: Tests::SetUp() (Test.cpp:20)
==6255==    by 0x150A40: HandleSehExceptionsInMethodIfSupported<testing::Test, void> (gtest.cc:2433)
==6255==    by 0x150A40: void testing::internal::HandleExceptionsInMethodIfSupported<testing::Test, void>(testing::Test*, void (testing::Test::*)(), char const*) (gtest.cc:2469)
==6255==    by 0x143D20: Run (gtest.cc:2503)
==6255==    by 0x143D20: testing::Test::Run() (gtest.cc:2498)
==6255==    by 0x143EF4: Run (gtest.cc:2684)
==6255==    by 0x143EF4: testing::TestInfo::Run() (gtest.cc:2657)
==6255== 
==6255== 1,071 (1,008 direct, 63 indirect) bytes in 21 blocks are definitely lost in loss record 84 of 84
==6255==    at 0x483DD99: calloc (in /usr/lib/x86_64-linux-gnu/valgrind/vgpreload_memcheck-amd64-linux.so)
==6255==    by 0x4861656: ??? (in /usr/lib/x86_64-linux-gnu/libhiredis.so.0.14)
==6255==    by 0x4868D88: redisReaderGetReply (in /usr/lib/x86_64-linux-gnu/libhiredis.so.0.14)
==6255==    by 0x48635B7: redisGetReplyFromReader (in /usr/lib/x86_64-linux-gnu/libhiredis.so.0.14)
==6255==    by 0x48636AA: redisGetReply (in /usr/lib/x86_64-linux-gnu/libhiredis.so.0.14)
==6255==    by 0x486398D: redisvCommand (in /usr/lib/x86_64-linux-gnu/libhiredis.so.0.14)
==6255==    by 0x4863A57: redisCommand (in /usr/lib/x86_64-linux-gnu/libhiredis.so.0.14)
==6255==    by 0x151DE9: somredis::clear() (SomRedis.cpp:106)
==6255==    by 0x11DAC7: Tests::TearDown() (Test.cpp:25)
==6255==    by 0x150A40: HandleSehExceptionsInMethodIfSupported<testing::Test, void> (gtest.cc:2433)
==6255==    by 0x150A40: void testing::internal::HandleExceptionsInMethodIfSupported<testing::Test, void>(testing::Test*, void (testing::Test::*)(), char const*) (gtest.cc:2469)
==6255==    by 0x143EF4: Run (gtest.cc:2684)
==6255==    by 0x143EF4: testing::TestInfo::Run() (gtest.cc:2657)
==6255==    by 0x143FDC: Run (gtest.cc:2816)
==6255==    by 0x143FDC: testing::TestSuite::Run() (gtest.cc:2795)
==6255== 
==6255== LEAK SUMMARY:
==6255==    definitely lost: 3,936 bytes in 82 blocks
==6255==    indirectly lost: 246 bytes in 82 blocks
==6255==      possibly lost: 0 bytes in 0 blocks
==6255==    still reachable: 0 bytes in 0 blocks
==6255==         suppressed: 0 bytes in 0 blocks
==6255== 
==6255== For lists of detected and suppressed errors, rerun with: -s
==6255== ERROR SUMMARY: 42 errors from 42 contexts (suppressed: 0 from 0)
